! MMT Pointing Data from 5/31/2007
! Converted from raw pointing file: pointing_5_31_2007
!
! MMT pointing data in tpoint format 4
! Next follows the header record. (Tpoint manual p. 23)
!       (TPOINT run parameters record)
! First 3 numbers are latitude (deg,min,sec)
! The next 3 are UTC date (year, month, day)
! The next 2 are Temp and Pressure
! The last 2 are Elevation and Rel. Humidity
!
! These data are observed AZ/EL followed by Raw AZ/EL
! transformed AZ into tpoint convention (South = 0, East=90)
MMT Pointing Data from 5/31/2007
+31 41 19.6 2007 5 31 12.7777777777778 746 2608.0 0.25

183.5854808 79.2410034 -176.0453139 79.2419968
183.3731667 72.7328972 -176.2721396 72.7340957
183.3122359 60.788786 -176.343061 60.7900845
182.7253126 52.8294591 -176.9330983 52.8308076
182.2658311 38.4507675 -177.3954903 38.4521515
182.0076888 29.4990383 -177.6549424 29.5003859
181.1991549 21.0461206 -178.4642638 21.0470334
148.9414354 18.2035697 149.2777995 18.206199
148.894191 30.0202591 149.2317013 30.0239537
147.1075051 39.0980606 147.4459533 39.1021231
147.3239591 53.8338519 147.6654035 53.8375881
145.48554 61.3510689 145.8294801 61.3548031
156.6558068 67.7893387 157.0040689 67.7924111
149.276013 78.6842286 149.639306 78.6873999
120.7685814 78.0038693 121.1233491 78.0080414
116.9548731 70.2077817 117.2995314 70.2123472
125.9130531 60.0534458 126.2540591 60.0576039
116.129019 50.37191 116.4669839 50.3765028
116.7977973 40.031965 117.1346309 40.0366575
120.4792243 29.8336797 120.8155094 29.8381081
120.8884397 21.6018208 121.2244188 21.6055999
91.7397967 22.2886663 92.0749724 22.2928359
94.8008263 30.385184 95.1364683 30.3900741
93.2853291 40.2343553 93.6213444 40.239402
91.1228521 50.2499381 91.4593283 50.2550923
90.8165787 61.3071251 91.1546445 61.3120493
80.1580379 70.5948103 80.4969599 70.5996385
76.4157865 79.5275536 76.7590637 79.5317274
53.8626639 80.809506 54.2002253 80.8131178
63.4387065 68.509585 63.7738121 68.5134615
57.8141985 60.8256044 58.1479823 60.8296582
62.6981082 68.8838296 63.0338847 68.8881448
49.5544212 81.5513418 49.8907336 81.5547952
23.1941877 77.9718633 23.525713 77.9738444
26.772601 73.4753466 27.1044346 73.4776666
25.0692479 59.2838179 25.4011438 59.286023
29.5203142 49.3281057 29.8526466 49.330645
25.2720991 37.9763624 25.6049795 37.9787898
29.6336795 33.5268769 29.9668387 33.5293477
28.9158794 19.2357259 29.2498423 19.237349
-0.882936400000006 21.2267903 -0.549148800000012 21.2266775
2.2933956 30.4440177 2.62706689999999 30.4452914
-0.698765699999996 42.9161885 -0.365833899999984 42.9173481
-2.05255030000001 47.0560528 -1.7197166 47.0572591
3.2525631 60.9716941 3.58474760000001 60.9728884
-5.6012125 70.7968157 -5.26945000000001 70.7972728
6.02241190000001 78.810043 6.3534382 78.8109358
-45.8507769 80.5211177 -45.5113691 80.5188675
-28.7475597 68.8835206 -28.4146873 68.8821187
-28.7607218 57.1805259 -28.4279382 57.1794538
-30.1914154 51.9786378 -29.8582305 51.9776795
-25.6424444 40.0177521 -25.309123 40.0170049
-29.6073255 29.6825209 -29.2735809 29.6812057
-32.0510286 22.2080976 -31.7166404 22.2065076
-58.853662 18.1538528 -58.5185082 18.1504234
-59.7361717 31.1500911 -59.4010312 31.1482111
-61.944159 37.3195534 -61.6089303 37.3175952
-58.0542235 50.1093253 -57.7191373 50.1076165
-66.2477136 61.1851266 -65.9107279 61.1830648
-68.3592333 67.8062839 -68.0209237 67.8039312
-58.210564 78.0204903 -57.8699466 78.0179814
-98.1469344 81.4035216 -97.7864955 81.4005129
-98.6694264 68.9869938 -98.3267186 68.9840543
-98.6839097 68.9273538 -98.3412317 68.9244184
-91.2173152 57.3156031 -90.8791779 57.3131996
-91.7970146 50.6822152 -91.4596815 50.6795942
-89.8416515 39.5542443 -89.5055866 39.5516915
-93.0840405 30.2034457 -92.7481388 30.2007565
-92.7302032 17.2524303 -92.3945928 17.2486919
-117.0784128 21.3517645 -116.7419907 21.3493974
-119.5635152 29.9094992 -119.2266292 29.9079142
-123.0446395 41.4857394 -122.7068309 41.4843212
-116.8914001 50.9826238 -116.5522072 50.9809672
-121.4921976 60.1665846 -121.1501134 60.1650185
-117.8658952 70.0223016 -117.5190837 70.020452
-116.7563285 76.5350161 -116.4025845 76.5328824
-144.2514186 82.9938639 -143.8680629 82.9924566
-153.5956604 70.7942764 -153.2451546 70.7933507
-148.1623845 59.0388396 -147.8193697 59.0380115
-153.5123392 50.6707567 -153.1718722 50.6702066
-150.0704014 39.3455189 -149.7320806 39.34498
-148.4659052 29.9932418 -148.1286357 29.9923198
-148.486133 29.9100614 -148.1488736 29.9091487
-152.2718282 18.9492438 -151.9355426 18.9478807
-166.5485135 24.1539909 -166.2113598 24.154482
-166.2545338 36.1349264 -165.915754 36.1341835
-166.243284 36.1039559 -165.9048181 36.1046297
-161.9977876 42.6438745 -161.6582894 42.6443765
-165.8649027 53.6581307 -165.5228754 53.6587866
-167.6888192 63.8582434 -167.3423229 63.8588528
-179.2957965 75.466608 -178.9377229 75.467765
-131.6053072 74.071945 -131.2528258 74.0701977
-136.6162734 61.7752458 -136.2733504 61.7737837
-141.4474838 53.4567436 -141.1067336 53.4554802
-137.9909966 46.229961 -137.6520675 46.2286734
-131.5146229 33.8670447 -131.1774768 33.8652742
-130.9002907 22.4866626 -130.5638967 22.4847922
-105.764362 25.9286097 -105.4282067 25.9259716
-106.6322824 36.6638959 -106.2952173 36.6618241
-107.0935488 46.1771568 -106.7555429 46.1752538
-108.7761228 53.6561445 -108.4368804 53.6541105
-102.2676338 67.7073113 -101.9244196 67.7048647
-98.5440655 71.4771811 -98.1990743 71.4745007
-78.1311507 75.7947715 -77.7879071 75.7916739
-78.2214424 67.967788 -77.8818272 67.9648725
-78.9607042 54.1967332 -78.6241658 54.193702
-78.9411066 47.010826 -78.6052362 47.0082564
-74.5082123 32.42658 -74.1729697 32.4236528
-76.4739421 24.5387343 -76.1386716 24.5355645
-44.7011958 24.2511523 -44.3668488 24.2487754
-44.6028012 36.0535452 -44.2684031 36.0519008
-43.5556959 44.5275385 -43.2215655 44.5260319
-43.4601966 54.8645109 -43.1260367 54.862982
-40.8275326 62.7739658 -40.4931783 62.7724398
-42.979974 76.9913803 -42.6439866 76.9893677
-16.007625 76.0411951 -15.6758455 76.0402301
-17.5064463 66.5675351 -17.1744808 66.5666808
-15.8706443 55.3217954 -15.5385095 55.3210763
-17.9321554 46.9801784 -17.5995656 46.9795735
-15.6221223 35.7605353 -15.2889006 35.7600478
-15.2040889 26.1948163 -14.8704234 26.194114
18.4150424 27.031737 18.7488069 27.0338447
18.7346985 34.1325631 19.0680417 34.134834
13.8138818 46.5368932 14.1464871 46.5387638
17.2238928 53.8785566 17.5562785 53.8804786
12.0277524 65.2293976 12.3599486 65.2310209
24.3706218 74.5607631 24.7026306 74.5627022
40.8850003 74.4092069 41.2182689 74.4121833
44.9084083 63.0281672 45.2414868 63.0309772
37.4170671 57.7914312 37.7495895 57.7942699
46.0430839 41.1486248 46.3764185 41.1520461
44.9967374 34.4366238 45.3304688 34.4399295
47.4725048 26.9209858 47.8065056 26.9238991
74.6311308 25.0849129 74.9659343 25.0891044
73.1337033 31.440893 73.4686283 31.4455361
74.2567247 45.0529184 74.5918732 45.0576124
74.972448 58.0260713 75.3084398 58.0309118
70.4692674 67.7517964 70.806253 67.7562898
87.9659623 76.8662421 88.3105198 76.8707222
102.9512888 73.7237688 103.2964944 73.7284629
105.180019 67.3527782 105.5219858 67.3574684
103.1117087 56.7040461 103.4496359 56.7085983
99.4425886 44.5155971 99.7789438 44.5202765
106.5837129 31.7216675 106.9197576 31.7260324
105.4572567 22.0377418 105.7929573 22.0417151
133.8430316 22.9590435 134.1796407 22.9628461
136.5608865 33.7070443 136.8987009 33.7113473
129.8792791 47.5034485 130.2184882 47.508014
136.6163661 53.9184431 136.9574449 53.9226036
132.9613787 64.3483425 133.3056682 64.3526154
138.8387461 78.1393062 139.1982161 78.1428312
160.3893764 73.8084685 160.7443154 73.8112139
170.2776992 64.5964478 170.6241782 64.5983273
170.1805218 57.8906033 170.5235399 57.8925826
175.4371812 46.3677112 175.7771149 46.3694836
174.6386288 35.4556062 174.97699 35.4575707
172.7950835 22.8473282 173.1318294 22.8489063
